Exporting P:\BIOLOGICAL\Flyco\LCR\Data & Analysis\Data Loggers\HOBO\LIGHT\April_2016\Blue-1_04-19-2016.hobo to Blue-1_04-19-2016_0.csv
Exporting P:\BIOLOGICAL\Flyco\LCR\Data & Analysis\Data Loggers\HOBO\LIGHT\April_2016\Blue-2_04-19-2016.hobo to Blue-2_04-19-2016.csv
Exporting P:\BIOLOGICAL\Flyco\LCR\Data & Analysis\Data Loggers\HOBO\LIGHT\April_2016\Blue-3_04-19-2016.hobo to Blue-3_04-19-2016.csv
Exporting P:\BIOLOGICAL\Flyco\LCR\Data & Analysis\Data Loggers\HOBO\LIGHT\April_2016\Blue-4_04-19-2016.hobo to Blue-4_04-19-2016.csv
Exporting P:\BIOLOGICAL\Flyco\LCR\Data & Analysis\Data Loggers\HOBO\LIGHT\April_2016\Boulders-1_04-19-2016.hobo to Boulders-1_04-19-2016.csv
Exporting P:\BIOLOGICAL\Flyco\LCR\Data & Analysis\Data Loggers\HOBO\LIGHT\April_2016\Boulders-2_04-19-2016.hobo to Boulders-2_04-19-2016.csv
Exporting P:\BIOLOGICAL\Flyco\LCR\Data & Analysis\Data Loggers\HOBO\LIGHT\April_2016\Boulders-3_04-19-2016.hobo to Boulders-3_04-19-2016.csv
Exporting P:\BIOLOGICAL\Flyco\LCR\Data & Analysis\Data Loggers\HOBO\LIGHT\April_2016\Boulders-4_04-19-2016.hobo to Boulders-4_04-19-2016.csv
Exporting P:\BIOLOGICAL\Flyco\LCR\Data & Analysis\Data Loggers\HOBO\LIGHT\April_2016\Chute-1_04-19-2016.hobo to Chute-1_04-19-2016.csv
Exporting P:\BIOLOGICAL\Flyco\LCR\Data & Analysis\Data Loggers\HOBO\LIGHT\April_2016\Chute-2_04-19-2016.hobo to Chute-2_04-19-2016.csv
Exporting P:\BIOLOGICAL\Flyco\LCR\Data & Analysis\Data Loggers\HOBO\LIGHT\April_2016\Chute-3_04-19-2016.hobo to Chute-3_04-19-2016.csv
Exporting P:\BIOLOGICAL\Flyco\LCR\Data & Analysis\Data Loggers\HOBO\LIGHT\April_2016\Chute-4_04-19-2016.hobo to Chute-4_04-19-2016.csv
Exporting P:\BIOLOGICAL\Flyco\LCR\Data & Analysis\Data Loggers\HOBO\LIGHT\April_2016\Coyote-1_04-19-2016.hobo to Coyote-1_04-19-2016.csv
Exporting P:\BIOLOGICAL\Flyco\LCR\Data & Analysis\Data Loggers\HOBO\LIGHT\April_2016\Coyote-2_04-19-2016.hobo to Coyote-2_04-19-2016.csv
Exporting P:\BIOLOGICAL\Flyco\LCR\Data & Analysis\Data Loggers\HOBO\LIGHT\April_2016\Coyote-3_04-19-2016.hobo to Coyote-3_04-19-2016.csv
Exporting P:\BIOLOGICAL\Flyco\LCR\Data & Analysis\Data Loggers\HOBO\LIGHT\April_2016\Coyote-4_04-19-2016.hobo to Coyote-4_04-19-2016.csv
Exporting P:\BIOLOGICAL\Flyco\LCR\Data & Analysis\Data Loggers\HOBO\LIGHT\April_2016\Salt-1_04-19-2016.hobo to Salt-1_04-19-2016.csv
Exporting P:\BIOLOGICAL\Flyco\LCR\Data & Analysis\Data Loggers\HOBO\LIGHT\April_2016\Salt-2_04-19-2016.hobo to Salt-2_04-19-2016.csv
Exporting P:\BIOLOGICAL\Flyco\LCR\Data & Analysis\Data Loggers\HOBO\LIGHT\April_2016\Salt-3_04-19-2016.hobo to Salt-3_04-19-2016.csv
Exporting P:\BIOLOGICAL\Flyco\LCR\Data & Analysis\Data Loggers\HOBO\LIGHT\April_2016\Salt-4_04-19-2016.hobo to Salt-4_04-19-2016.csv
